Build started 11/17/2014 8:44:48 PM.
     1>Project "D:\code\IvectorExtractor\AveEnrollIvecs\AveEnrollIvecs.vcxproj" on node 2 (Rebuild target(s)).
     1>ClCompile:
         C:\Program Files (x86)\Microsoft Visual Studio 12.0\VC\bin\CL.exe /c /Zi /nologo /W3 /WX- /O2 /Oi /Oy- /GL /D WIN32 /D NDEBUG /D _CONSOLE /D _LIB /D _UNICODE /D UNICODE /Gm- /EHsc /MD /GS /Gy /fp:precise /Zc:wchar_t /Zc:forScope /Fo"Release\\" /Fd"Release\vc120.pdb" /Gd /TP /analyze- /errorReport:prompt Common.cpp HTKFile.cpp Program.cpp
         Common.cpp
         HTKFile.cpp
     1>HTKFile.cpp(176): warning C4018: '<' : signed/unsigned mismatch
     1>HTKFile.cpp(186): warning C4996: 'fopen': This function or variable may be unsafe. Consider using fopen_s instead. To disable deprecation, use _CRT_SECURE_NO_WARNINGS. See online help for details.
                 C:\Program Files (x86)\Microsoft Visual Studio 12.0\VC\include\stdio.h(211) : see declaration of 'fopen'
     1>HTKFile.cpp(173): warning C4101: 'number' : unreferenced local variable
         Program.cpp
     1>Program.cpp(59): warning C4018: '<' : signed/unsigned mismatch
       Link:
         C:\Program Files (x86)\Microsoft Visual Studio 12.0\VC\bin\link.exe /ERRORREPORT:PROMPT /OUT:"D:\code\IvectorExtractor\Release\AveEnrollIvecs.exe" /INCREMENTAL:NO /NOLOGO kernel32.lib user32.lib gdi32.lib winspool.lib comdlg32.lib advapi32.lib shell32.lib ole32.lib oleaut32.lib uuid.lib odbc32.lib odbccp32.lib /MANIFEST /MANIFESTUAC:"level='asInvoker' uiAccess='false'" /manifest:embed /DEBUG /PDB:"D:\code\IvectorExtractor\Release\AveEnrollIvecs.pdb" /SUBSYSTEM:CONSOLE /OPT:REF /OPT:ICF /LTCG /TLBID:1 /DYNAMICBASE /NXCOMPAT /IMPLIB:"D:\code\IvectorExtractor\Release\AveEnrollIvecs.lib" /MACHINE:X86 /SAFESEH Release\Common.obj
         Release\HTKFile.obj
         Release\Program.obj
         Generating code
         Finished generating code
         AveEnrollIvecs.vcxproj -> D:\code\IvectorExtractor\Release\AveEnrollIvecs.exe
     1>Done Building Project "D:\code\IvectorExtractor\AveEnrollIvecs\AveEnrollIvecs.vcxproj" (Rebuild target(s)).

Build succeeded.

Time Elapsed 00:00:01.45
