Build started 11/17/2014 8:41:23 PM.
     1>Project "D:\code\IvectorExtractor\AveEnrollIvecs\AveEnrollIvecs.vcxproj" on node 2 (Rebuild target(s)).
     1>ClCompile:
         C:\Program Files (x86)\Microsoft Visual Studio 12.0\VC\bin\CL.exe /c /ZI /nologo /W3 /WX- /Od /Oy- /D WIN32 /D _DEBUG /D _CONSOLE /D _LIB /D _UNICODE /D UNICODE /Gm /EHsc /RTC1 /MDd /GS /fp:precise /Zc:wchar_t /Zc:forScope /Fo"Debug\\" /Fd"Debug\vc120.pdb" /Gd /TP /analyze- /errorReport:prompt Common.cpp HTKFile.cpp Program.cpp
         Program.cpp
     1>d:\code\ivectorextractor\aveenrollivecs\program.cpp(59): warning C4018: '<' : signed/unsigned mismatch
         HTKFile.cpp
     1>d:\code\ivectorextractor\aveenrollivecs\htkfile.cpp(176): warning C4018: '<' : signed/unsigned mismatch
     1>d:\code\ivectorextractor\aveenrollivecs\htkfile.cpp(186): warning C4996: 'fopen': This function or variable may be unsafe. Consider using fopen_s instead. To disable deprecation, use _CRT_SECURE_NO_WARNINGS. See online help for details.
                 c:\program files (x86)\microsoft visual studio 12.0\vc\include\stdio.h(211) : see declaration of 'fopen'
     1>d:\code\ivectorextractor\aveenrollivecs\htkfile.cpp(173): warning C4101: 'number' : unreferenced local variable
         Common.cpp
         Generating Code...
       Link:
         C:\Program Files (x86)\Microsoft Visual Studio 12.0\VC\bin\link.exe /ERRORREPORT:PROMPT /OUT:"D:\code\IvectorExtractor\Debug\AveEnrollIvecs.exe" /INCREMENTAL /NOLOGO kernel32.lib user32.lib gdi32.lib winspool.lib comdlg32.lib advapi32.lib shell32.lib ole32.lib oleaut32.lib uuid.lib odbc32.lib odbccp32.lib /MANIFEST /MANIFESTUAC:"level='asInvoker' uiAccess='false'" /manifest:embed /DEBUG /PDB:"D:\code\IvectorExtractor\Debug\AveEnrollIvecs.pdb" /SUBSYSTEM:CONSOLE /TLBID:1 /DYNAMICBASE /NXCOMPAT /IMPLIB:"D:\code\IvectorExtractor\Debug\AveEnrollIvecs.lib" /MACHINE:X86 Debug\Common.obj
         Debug\HTKFile.obj
         Debug\Program.obj
         AveEnrollIvecs.vcxproj -> D:\code\IvectorExtractor\Debug\AveEnrollIvecs.exe
     1>Done Building Project "D:\code\IvectorExtractor\AveEnrollIvecs\AveEnrollIvecs.vcxproj" (Rebuild target(s)).

Build succeeded.

Time Elapsed 00:00:01.25
